{"uid":"bbb8c3d3267fe3a3","name":"TC_SD_006_Negative_missingFirstName_showsError","fullName":"com.mycompany.selenium_automation_project.tests.SauceDemoCheckoutNegativeTest.TC_SD_006_Negative_missingFirstName_showsError","historyId":"19ef9051eddea4557783e3e40f696fd1","time":{"start":1759980659366,"stop":1759980680595,"duration":21229},"description":"Verify that leaving the 'First Name' field empty during checkout displays an appropriate validation error and prevents continuation.","descriptionHtml":"<p>Verify that leaving the 'First Name' field empty during checkout displays an appropriate validation error and prevents continuation.</p>\n","status":"broken","statusMessage":"Expected condition failed: waiting for presence of element located by: By.cssSelector: button[data-test='remove-sauce-labs-backpack'] (tried for 20 second(s) with 500 milliseconds interval)","statusTrace":"org.openqa.selenium.TimeoutException: Expected condition failed: waiting for presence of element located by: By.cssSelector: button[data-test='remove-sauce-labs-backpack'] (tried for 20 second(s) with 500 milliseconds interval)\n\tat org.openqa.selenium.support.ui.WebDriverWait.timeoutException(WebDriverWait.java:84)\n\tat org.openqa.selenium.support.ui.FluentWait.until(FluentWait.java:230)\n\tat com.mycompany.selenium_automation_project.ProductsPage.addProductToCart(ProductsPage.java:77)\n\tat com.mycompany.selenium_automation_project.tests.SauceDemoCheckoutNegativeTest.seedCartWithOneItem(SauceDemoCheckoutNegativeTest.java:30)\n\tat com.mycompany.selenium_automation_project.tests.SauceDemoCheckoutNegativeTest.TC_SD_006_Negative_missingFirstName_showsError(SauceDemoCheckoutNegativeTest.java:48)\n\tat java.base/jdk.internal.reflect.NativeMethodAccessorImpl.invoke0(Native Method)\n\tat java.base/jdk.internal.reflect.NativeMethodAccessorImpl.invoke(NativeMethodAccessorImpl.java:77)\n\tat java.base/jdk.internal.reflect.DelegatingMethodAccessorImpl.invoke(DelegatingMethodAccessorImpl.java:43)\n\tat java.base/java.lang.reflect.Method.invoke(Method.java:569)\n\tat org.testng.internal.invokers.MethodInvocationHelper.invokeMethod(MethodInvocationHelper.java:141)\n\tat org.testng.internal.invokers.TestInvoker.invokeMethod(TestInvoker.java:686)\n\tat org.testng.internal.invokers.TestInvoker.invokeTestMethod(TestInvoker.java:230)\n\tat org.testng.internal.invokers.MethodRunner.runInSequence(MethodRunner.java:63)\n\tat org.testng.internal.invokers.TestInvoker$MethodInvocationAgent.invoke(TestInvoker.java:992)\n\tat org.testng.internal.invokers.TestInvoker.invokeTestMethods(TestInvoker.java:203)\n\tat org.testng.internal.invokers.TestMethodWorker.invokeTestMethods(TestMethodWorker.java:154)\n\tat org.testng.internal.invokers.TestMethodWorker.run(TestMethodWorker.java:134)\n\tat java.base/java.util.ArrayList.forEach(ArrayList.java:1511)\n\tat org.testng.TestRunner.privateRun(TestRunner.java:739)\n\tat org.testng.TestRunner.run(TestRunner.java:614)\n\tat org.testng.SuiteRunner.runTest(SuiteRunner.java:421)\n\tat org.testng.SuiteRunner.runSequentially(SuiteRunner.java:413)\n\tat org.testng.SuiteRunner.privateRun(SuiteRunner.java:373)\n\tat org.testng.SuiteRunner.run(SuiteRunner.java:312)\n\tat org.testng.SuiteRunnerWorker.runSuite(SuiteRunnerWorker.java:52)\n\tat org.testng.SuiteRunnerWorker.run(SuiteRunnerWorker.java:95)\n\tat org.testng.TestNG.runSuitesSequentially(TestNG.java:1274)\n\tat org.testng.TestNG.runSuitesLocally(TestNG.java:1208)\n\tat org.testng.TestNG.runSuites(TestNG.java:1112)\n\tat org.testng.TestNG.run(TestNG.java:1079)\n\tat org.apache.maven.surefire.testng.TestNGExecutor.run(TestNGExecutor.java:308)\n\tat org.apache.maven.surefire.testng.TestNGXmlTestSuite.execute(TestNGXmlTestSuite.java:71)\n\tat org.apache.maven.surefire.testng.TestNGProvider.invoke(TestNGProvider.java:113)\n\tat org.apache.maven.surefire.booter.ForkedBooter.runSuitesInProcess(ForkedBooter.java:385)\n\tat org.apache.maven.surefire.booter.ForkedBooter.execute(ForkedBooter.java:162)\n\tat org.apache.maven.surefire.booter.ForkedBooter.run(ForkedBooter.java:507)\n\tat org.apache.maven.surefire.booter.ForkedBooter.main(ForkedBooter.java:495)\nCaused by: org.openqa.selenium.NoSuchElementException: no such element: Unable to locate element: {\"method\":\"css selector\",\"selector\":\"button[data-test='remove-sauce-labs-backpack']\"}\n  (Session info: chrome=140.0.7339.207)\nFor documentation on this error, please visit: https://www.selenium.dev/documentation/webdriver/troubleshooting/errors#no-such-element-exception\nBuild info: version: '4.11.0', revision: '040bc5406b'\nSystem info: os.name: 'Linux', os.arch: 'amd64', os.version: '6.11.0-1018-azure', java.version: '17.0.16'\nDriver info: org.openqa.selenium.chrome.ChromeDriver\nCommand: [840cc1f2a0c734fa21cbe79b941b0372, findElement {using=css selector, value=button[data-test='remove-sauce-labs-backpack']}]\nCapabilities {acceptInsecureCerts: false, browserName: chrome, browserVersion: 140.0.7339.207, chrome: {chromedriverVersion: 140.0.7339.207 (17230b545fd..., userDataDir: /tmp/chrome-1759980659007}, fedcm:accounts: true, goog:chromeOptions: {debuggerAddress: localhost:37865}, networkConnectionEnabled: false, pageLoadStrategy: normal, platformName: linux, proxy: Proxy(), se:cdp: ws://localhost:37865/devtoo..., se:cdpVersion: 140.0.7339.207, setWindowRect: true, strictFileInteractability: false, timeouts: {implicit: 0, pageLoad: 300000, script: 30000}, unhandledPromptBehavior: dismiss and notify, webauthn:extension:credBlob: true, webauthn:extension:largeBlob: true, webauthn:extension:minPinLength: true, webauthn:extension:prf: true, webauthn:virtualAuthenticators: true}\nSession ID: 840cc1f2a0c734fa21cbe79b941b0372\n\tat jdk.internal.reflect.GeneratedConstructorAccessor21.newInstance(Unknown Source)\n\tat java.base/jdk.internal.reflect.DelegatingConstructorAccessorImpl.newInstance(DelegatingConstructorAccessorImpl.java:45)\n\tat java.base/java.lang.reflect.Constructor.newInstanceWithCaller(Constructor.java:500)\n\tat java.base/java.lang.reflect.Constructor.newInstance(Constructor.java:481)\n\tat org.openqa.selenium.remote.codec.w3c.W3CHttpResponseCodec.createException(W3CHttpResponseCodec.java:200)\n\tat org.openqa.selenium.remote.codec.w3c.W3CHttpResponseCodec.decode(W3CHttpResponseCodec.java:133)\n\tat org.openqa.selenium.remote.codec.w3c.W3CHttpResponseCodec.decode(W3CHttpResponseCodec.java:52)\n\tat org.openqa.selenium.remote.HttpCommandExecutor.execute(HttpCommandExecutor.java:191)\n\tat org.openqa.selenium.remote.service.DriverCommandExecutor.invokeExecute(DriverCommandExecutor.java:196)\n\tat org.openqa.selenium.remote.service.DriverCommandExecutor.execute(DriverCommandExecutor.java:171)\n\tat org.openqa.selenium.remote.RemoteWebDriver.execute(RemoteWebDriver.java:518)\n\tat org.openqa.selenium.remote.ElementLocation$ElementFinder$2.findElement(ElementLocation.java:165)\n\tat org.openqa.selenium.remote.ElementLocation.findElement(ElementLocation.java:59)\n\tat org.openqa.selenium.remote.RemoteWebDriver.findElement(RemoteWebDriver.java:355)\n\tat org.openqa.selenium.remote.RemoteWebDriver.findElement(RemoteWebDriver.java:349)\n\tat org.openqa.selenium.support.ui.ExpectedConditions$6.apply(ExpectedConditions.java:171)\n\tat org.openqa.selenium.support.ui.ExpectedConditions$6.apply(ExpectedConditions.java:168)\n\tat org.openqa.selenium.support.ui.FluentWait.until(FluentWait.java:205)\n\t... 35 more\n","flaky":false,"newFailed":false,"newBroken":true,"newPassed":false,"retriesCount":0,"retriesStatusChange":false,"beforeStages":[{"name":"setUp","time":{"start":1759980659001,"stop":1759980659363,"duration":362},"description":"","status":"passed","steps":[],"attachments":[],"parameters":[],"stepsCount":0,"shouldDisplayMessage":false,"attachmentsCount":0,"hasContent":false,"attachmentStep":false}],"testStage":{"description":"Verify that leaving the 'First Name' field empty during checkout displays an appropriate validation error and prevents continuation.","status":"broken","statusMessage":"Expected condition failed: waiting for presence of element located by: By.cssSelector: button[data-test='remove-sauce-labs-backpack'] (tried for 20 second(s) with 500 milliseconds interval)","statusTrace":"org.openqa.selenium.TimeoutException: Expected condition failed: waiting for presence of element located by: By.cssSelector: button[data-test='remove-sauce-labs-backpack'] (tried for 20 second(s) with 500 milliseconds interval)\n\tat org.openqa.selenium.support.ui.WebDriverWait.timeoutException(WebDriverWait.java:84)\n\tat org.openqa.selenium.support.ui.FluentWait.until(FluentWait.java:230)\n\tat com.mycompany.selenium_automation_project.ProductsPage.addProductToCart(ProductsPage.java:77)\n\tat com.mycompany.selenium_automation_project.tests.SauceDemoCheckoutNegativeTest.seedCartWithOneItem(SauceDemoCheckoutNegativeTest.java:30)\n\tat com.mycompany.selenium_automation_project.tests.SauceDemoCheckoutNegativeTest.TC_SD_006_Negative_missingFirstName_showsError(SauceDemoCheckoutNegativeTest.java:48)\n\tat java.base/jdk.internal.reflect.NativeMethodAccessorImpl.invoke0(Native Method)\n\tat java.base/jdk.internal.reflect.NativeMethodAccessorImpl.invoke(NativeMethodAccessorImpl.java:77)\n\tat java.base/jdk.internal.reflect.DelegatingMethodAccessorImpl.invoke(DelegatingMethodAccessorImpl.java:43)\n\tat java.base/java.lang.reflect.Method.invoke(Method.java:569)\n\tat org.testng.internal.invokers.MethodInvocationHelper.invokeMethod(MethodInvocationHelper.java:141)\n\tat org.testng.internal.invokers.TestInvoker.invokeMethod(TestInvoker.java:686)\n\tat org.testng.internal.invokers.TestInvoker.invokeTestMethod(TestInvoker.java:230)\n\tat org.testng.internal.invokers.MethodRunner.runInSequence(MethodRunner.java:63)\n\tat org.testng.internal.invokers.TestInvoker$MethodInvocationAgent.invoke(TestInvoker.java:992)\n\tat org.testng.internal.invokers.TestInvoker.invokeTestMethods(TestInvoker.java:203)\n\tat org.testng.internal.invokers.TestMethodWorker.invokeTestMethods(TestMethodWorker.java:154)\n\tat org.testng.internal.invokers.TestMethodWorker.run(TestMethodWorker.java:134)\n\tat java.base/java.util.ArrayList.forEach(ArrayList.java:1511)\n\tat org.testng.TestRunner.privateRun(TestRunner.java:739)\n\tat org.testng.TestRunner.run(TestRunner.java:614)\n\tat org.testng.SuiteRunner.runTest(SuiteRunner.java:421)\n\tat org.testng.SuiteRunner.runSequentially(SuiteRunner.java:413)\n\tat org.testng.SuiteRunner.privateRun(SuiteRunner.java:373)\n\tat org.testng.SuiteRunner.run(SuiteRunner.java:312)\n\tat org.testng.SuiteRunnerWorker.runSuite(SuiteRunnerWorker.java:52)\n\tat org.testng.SuiteRunnerWorker.run(SuiteRunnerWorker.java:95)\n\tat org.testng.TestNG.runSuitesSequentially(TestNG.java:1274)\n\tat org.testng.TestNG.runSuitesLocally(TestNG.java:1208)\n\tat org.testng.TestNG.runSuites(TestNG.java:1112)\n\tat org.testng.TestNG.run(TestNG.java:1079)\n\tat org.apache.maven.surefire.testng.TestNGExecutor.run(TestNGExecutor.java:308)\n\tat org.apache.maven.surefire.testng.TestNGXmlTestSuite.execute(TestNGXmlTestSuite.java:71)\n\tat org.apache.maven.surefire.testng.TestNGProvider.invoke(TestNGProvider.java:113)\n\tat org.apache.maven.surefire.booter.ForkedBooter.runSuitesInProcess(ForkedBooter.java:385)\n\tat org.apache.maven.surefire.booter.ForkedBooter.execute(ForkedBooter.java:162)\n\tat org.apache.maven.surefire.booter.ForkedBooter.run(ForkedBooter.java:507)\n\tat org.apache.maven.surefire.booter.ForkedBooter.main(ForkedBooter.java:495)\nCaused by: org.openqa.selenium.NoSuchElementException: no such element: Unable to locate element: {\"method\":\"css selector\",\"selector\":\"button[data-test='remove-sauce-labs-backpack']\"}\n  (Session info: chrome=140.0.7339.207)\nFor documentation on this error, please visit: https://www.selenium.dev/documentation/webdriver/troubleshooting/errors#no-such-element-exception\nBuild info: version: '4.11.0', revision: '040bc5406b'\nSystem info: os.name: 'Linux', os.arch: 'amd64', os.version: '6.11.0-1018-azure', java.version: '17.0.16'\nDriver info: org.openqa.selenium.chrome.ChromeDriver\nCommand: [840cc1f2a0c734fa21cbe79b941b0372, findElement {using=css selector, value=button[data-test='remove-sauce-labs-backpack']}]\nCapabilities {acceptInsecureCerts: false, browserName: chrome, browserVersion: 140.0.7339.207, chrome: {chromedriverVersion: 140.0.7339.207 (17230b545fd..., userDataDir: /tmp/chrome-1759980659007}, fedcm:accounts: true, goog:chromeOptions: {debuggerAddress: localhost:37865}, networkConnectionEnabled: false, pageLoadStrategy: normal, platformName: linux, proxy: Proxy(), se:cdp: ws://localhost:37865/devtoo..., se:cdpVersion: 140.0.7339.207, setWindowRect: true, strictFileInteractability: false, timeouts: {implicit: 0, pageLoad: 300000, script: 30000}, unhandledPromptBehavior: dismiss and notify, webauthn:extension:credBlob: true, webauthn:extension:largeBlob: true, webauthn:extension:minPinLength: true, webauthn:extension:prf: true, webauthn:virtualAuthenticators: true}\nSession ID: 840cc1f2a0c734fa21cbe79b941b0372\n\tat jdk.internal.reflect.GeneratedConstructorAccessor21.newInstance(Unknown Source)\n\tat java.base/jdk.internal.reflect.DelegatingConstructorAccessorImpl.newInstance(DelegatingConstructorAccessorImpl.java:45)\n\tat java.base/java.lang.reflect.Constructor.newInstanceWithCaller(Constructor.java:500)\n\tat java.base/java.lang.reflect.Constructor.newInstance(Constructor.java:481)\n\tat org.openqa.selenium.remote.codec.w3c.W3CHttpResponseCodec.createException(W3CHttpResponseCodec.java:200)\n\tat org.openqa.selenium.remote.codec.w3c.W3CHttpResponseCodec.decode(W3CHttpResponseCodec.java:133)\n\tat org.openqa.selenium.remote.codec.w3c.W3CHttpResponseCodec.decode(W3CHttpResponseCodec.java:52)\n\tat org.openqa.selenium.remote.HttpCommandExecutor.execute(HttpCommandExecutor.java:191)\n\tat org.openqa.selenium.remote.service.DriverCommandExecutor.invokeExecute(DriverCommandExecutor.java:196)\n\tat org.openqa.selenium.remote.service.DriverCommandExecutor.execute(DriverCommandExecutor.java:171)\n\tat org.openqa.selenium.remote.RemoteWebDriver.execute(RemoteWebDriver.java:518)\n\tat org.openqa.selenium.remote.ElementLocation$ElementFinder$2.findElement(ElementLocation.java:165)\n\tat org.openqa.selenium.remote.ElementLocation.findElement(ElementLocation.java:59)\n\tat org.openqa.selenium.remote.RemoteWebDriver.findElement(RemoteWebDriver.java:355)\n\tat org.openqa.selenium.remote.RemoteWebDriver.findElement(RemoteWebDriver.java:349)\n\tat org.openqa.selenium.support.ui.ExpectedConditions$6.apply(ExpectedConditions.java:171)\n\tat org.openqa.selenium.support.ui.ExpectedConditions$6.apply(ExpectedConditions.java:168)\n\tat org.openqa.selenium.support.ui.FluentWait.until(FluentWait.java:205)\n\t... 35 more\n","steps":[{"name":"❌ Test failed: TC_SD_006_Negative_missingFirstName_showsError","time":{"start":1759980680595,"stop":1759980680595,"duration":0},"status":"passed","steps":[],"attachments":[],"parameters":[],"stepsCount":0,"shouldDisplayMessage":false,"attachmentsCount":0,"hasContent":false,"attachmentStep":false}],"attachments":[{"uid":"857871f8e3e893be","name":"❌ Failure Screenshot","source":"857871f8e3e893be.png","type":"image/png","size":299400}],"parameters":[],"stepsCount":1,"shouldDisplayMessage":true,"attachmentsCount":1,"hasContent":true,"attachmentStep":false},"afterStages":[{"name":"tearDown","time":{"start":1759980680597,"stop":1759980680797,"duration":200},"description":"","status":"passed","steps":[],"attachments":[{"uid":"5854742a0535d885","name":"❌ Failure Screenshot","source":"5854742a0535d885.png","type":"image/png","size":299400},{"uid":"f0370aa61e118be6","name":"URL","source":"f0370aa61e118be6.txt","type":"text/plain","size":40}],"parameters":[],"stepsCount":0,"shouldDisplayMessage":false,"attachmentsCount":2,"hasContent":true,"attachmentStep":false}],"labels":[{"name":"package","value":"com.mycompany.selenium_automation_project.tests.SauceDemoCheckoutNegativeTest"},{"name":"testClass","value":"com.mycompany.selenium_automation_project.tests.SauceDemoCheckoutNegativeTest"},{"name":"testMethod","value":"TC_SD_006_Negative_missingFirstName_showsError"},{"name":"parentSuite","value":"SauceDemo Suite"},{"name":"suite","value":"All Tests"},{"name":"subSuite","value":"com.mycompany.selenium_automation_project.tests.SauceDemoCheckoutNegativeTest"},{"name":"host","value":"runnervmwhb2z"},{"name":"thread","value":"2458@runnervmwhb2z.main(1)"},{"name":"framework","value":"testng"},{"name":"language","value":"java"},{"name":"feature","value":"Checkout"},{"name":"story","value":"Negative checkout: missing required field"},{"name":"owner","value":"Heba AL-Rubaye"},{"name":"epic","value":"SauceDemo Automation"},{"name":"severity","value":"normal"},{"name":"resultFormat","value":"allure2"}],"parameters":[],"links":[],"hidden":false,"retry":false,"extra":{"severity":"normal","owner":"Heba AL-Rubaye","retries":[],"categories":[{"name":"Test defects","matchedStatuses":[],"flaky":false}],"history":{"statistic":{"failed":0,"broken":2,"skipped":3,"passed":3,"unknown":0,"total":8},"items":[{"uid":"772a6574a73ff689","reportUrl":"https://Heba-art.github.io/selenium-java-automation/21/#testresult/772a6574a73ff689","status":"passed","time":{"start":1759979824748,"stop":1759979825918,"duration":1170}},{"uid":"16550a819ca4139f","reportUrl":"https://Heba-art.github.io/selenium-java-automation/20/#testresult/16550a819ca4139f","status":"broken","statusDetails":"Expected condition failed: waiting for presence of element located by: By.cssSelector: button[data-test='remove-sauce-labs-backpack'] (tried for 20 second(s) with 500 milliseconds interval)","time":{"start":1759978933127,"stop":1759978954050,"duration":20923}},{"uid":"7a2a2d5c2da821f8","reportUrl":"https://Heba-art.github.io/selenium-java-automation/19/#testresult/7a2a2d5c2da821f8","status":"passed","time":{"start":1759978188368,"stop":1759978189513,"duration":1145}},{"uid":"a5a64ef41afb17a1","reportUrl":"https://Heba-art.github.io/selenium-java-automation/18/#testresult/a5a64ef41afb17a1","status":"passed","time":{"start":1759977642453,"stop":1759977643460,"duration":1007}},{"uid":"41aebf22ce04b6af","reportUrl":"https://Heba-art.github.io/selenium-java-automation/14/#testresult/41aebf22ce04b6af","status":"skipped","statusDetails":"Could not start a new session. Response code 500. Message: session not created: probably user data directory is already in use, please specify a unique value for --user-data-dir argument, or don't use --user-data-dir \nHost info: host: 'runnervmwhb2z', ip: '10.1.0.246'\nBuild info: version: '4.11.0', revision: '040bc5406b'\nSystem info: os.name: 'Linux', os.arch: 'amd64', os.version: '6.11.0-1018-azure', java.version: '17.0.16'\nDriver info: org.openqa.selenium.chrome.ChromeDriver\nCommand: [null, newSession {capabilities=[Capabilities {browserName: chrome, goog:chromeOptions: {args: [--remote-allow-origins=*, --disable-save-password-bubble, --disable-notifications, --incognito, --start-maximized], extensions: [], prefs: {autofill.credit_card_enabled: false, autofill.profile_enabled: false, credentials_enable_service: false, profile.password_manager_enabled: false, profile.password_manager_leak_detection: false}}}]}]","time":{"start":1759975356784,"stop":1759975356785,"duration":1}},{"uid":"714a0c66201cca73","reportUrl":"https://Heba-art.github.io/selenium-java-automation/13/#testresult/714a0c66201cca73","status":"skipped","statusDetails":"Could not start a new session. Response code 500. Message: session not created: probably user data directory is already in use, please specify a unique value for --user-data-dir argument, or don't use --user-data-dir \nHost info: host: 'runnervmwhb2z', ip: '10.1.0.223'\nBuild info: version: '4.11.0', revision: '040bc5406b'\nSystem info: os.name: 'Linux', os.arch: 'amd64', os.version: '6.11.0-1018-azure', java.version: '17.0.16'\nDriver info: org.openqa.selenium.chrome.ChromeDriver\nCommand: [null, newSession {capabilities=[Capabilities {browserName: chrome, goog:chromeOptions: {args: [--remote-allow-origins=*, --disable-save-password-bubble, --disable-notifications, --incognito, --start-maximized], extensions: [], prefs: {autofill.credit_card_enabled: false, autofill.profile_enabled: false, credentials_enable_service: false, profile.password_manager_enabled: false, profile.password_manager_leak_detection: false}}}]}]","time":{"start":1759975335547,"stop":1759975335547,"duration":0}},{"uid":"f54df73df96dcfc5","reportUrl":"https://Heba-art.github.io/selenium-java-automation/12/#testresult/f54df73df96dcfc5","status":"skipped","statusDetails":"Could not start a new session. Response code 500. Message: session not created: probably user data directory is already in use, please specify a unique value for --user-data-dir argument, or don't use --user-data-dir \nHost info: host: 'runnervmwhb2z', ip: '10.1.0.243'\nBuild info: version: '4.11.0', revision: '040bc5406b'\nSystem info: os.name: 'Linux', os.arch: 'amd64', os.version: '6.11.0-1018-azure', java.version: '17.0.16'\nDriver info: org.openqa.selenium.chrome.ChromeDriver\nCommand: [null, newSession {capabilities=[Capabilities {browserName: chrome, goog:chromeOptions: {args: [--remote-allow-origins=*, --disable-save-password-bubble, --disable-notifications, --incognito, --start-maximized], extensions: [], prefs: {autofill.credit_card_enabled: false, autofill.profile_enabled: false, credentials_enable_service: false, profile.password_manager_enabled: false, profile.password_manager_leak_detection: false}}}]}]","time":{"start":1759974800371,"stop":1759974800372,"duration":1}}]},"tags":[]},"source":"bbb8c3d3267fe3a3.json","parameterValues":[]}