{"uid":"6a31aece2e8a6cf5","name":"TC_SD_006_Negative_missingLastName_showsError","fullName":"com.mycompany.selenium_automation_project.tests.SauceDemoCheckoutNegativeTest.TC_SD_006_Negative_missingLastName_showsError","historyId":"c4e4bf3273d159915f6a290ef03d808","time":{"start":1759993399450,"stop":1759993460614,"duration":61164},"description":"Verify that leaving the 'Last Name' field empty during checkout triggers the correct validation error message and prevents proceeding to the next step.","descriptionHtml":"<p>Verify that leaving the 'Last Name' field empty during checkout triggers the correct validation error message and prevents proceeding to the next step.</p>\n","status":"broken","statusMessage":"Expected condition failed: waiting for visibility of element located by By.cssSelector: button[data-test='remove-sauce-labs-backpack'] (tried for 30 second(s) with 500 milliseconds interval)\nBuild info: version: '4.11.0', revision: '040bc5406b'\nSystem info: os.name: 'Linux', os.arch: 'amd64', os.version: '6.11.0-1018-azure', java.version: '17.0.16'\nDriver info: org.openqa.selenium.chrome.ChromeDriver\nCapabilities {acceptInsecureCerts: false, browserName: chrome, browserVersion: 140.0.7339.207, chrome: {chromedriverVersion: 140.0.7339.207 (17230b545fd..., userDataDir: /tmp/chrome-1759993399085}, fedcm:accounts: true, goog:chromeOptions: {debuggerAddress: localhost:33617}, networkConnectionEnabled: false, pageLoadStrategy: normal, platformName: linux, proxy: Proxy(), se:cdp: ws://localhost:33617/devtoo..., se:cdpVersion: 140.0.7339.207, setWindowRect: true, strictFileInteractability: false, timeouts: {implicit: 0, pageLoad: 300000, script: 30000}, unhandledPromptBehavior: dismiss and notify, webauthn:extension:credBlob: true, webauthn:extension:largeBlob: true, webauthn:extension:minPinLength: true, webauthn:extension:prf: true, webauthn:virtualAuthenticators: true}\nSession ID: 297f515bf57567d7317a050b5e0a19c2","statusTrace":"org.openqa.selenium.TimeoutException: Expected condition failed: waiting for visibility of element located by By.cssSelector: button[data-test='remove-sauce-labs-backpack'] (tried for 30 second(s) with 500 milliseconds interval)\nBuild info: version: '4.11.0', revision: '040bc5406b'\nSystem info: os.name: 'Linux', os.arch: 'amd64', os.version: '6.11.0-1018-azure', java.version: '17.0.16'\nDriver info: org.openqa.selenium.chrome.ChromeDriver\nCapabilities {acceptInsecureCerts: false, browserName: chrome, browserVersion: 140.0.7339.207, chrome: {chromedriverVersion: 140.0.7339.207 (17230b545fd..., userDataDir: /tmp/chrome-1759993399085}, fedcm:accounts: true, goog:chromeOptions: {debuggerAddress: localhost:33617}, networkConnectionEnabled: false, pageLoadStrategy: normal, platformName: linux, proxy: Proxy(), se:cdp: ws://localhost:33617/devtoo..., se:cdpVersion: 140.0.7339.207, setWindowRect: true, strictFileInteractability: false, timeouts: {implicit: 0, pageLoad: 300000, script: 30000}, unhandledPromptBehavior: dismiss and notify, webauthn:extension:credBlob: true, webauthn:extension:largeBlob: true, webauthn:extension:minPinLength: true, webauthn:extension:prf: true, webauthn:virtualAuthenticators: true}\nSession ID: 297f515bf57567d7317a050b5e0a19c2\n\tat org.openqa.selenium.support.ui.WebDriverWait.timeoutException(WebDriverWait.java:84)\n\tat org.openqa.selenium.support.ui.FluentWait.until(FluentWait.java:230)\n\tat com.mycompany.selenium_automation_project.base.BasePage.waitReplaced(BasePage.java:47)\n\tat com.mycompany.selenium_automation_project.ProductsPage.addProductToCart(ProductsPage.java:124)\n\tat com.mycompany.selenium_automation_project.tests.SauceDemoCheckoutNegativeTest.seedCartWithOneItem(SauceDemoCheckoutNegativeTest.java:30)\n\tat com.mycompany.selenium_automation_project.tests.SauceDemoCheckoutNegativeTest.TC_SD_006_Negative_missingLastName_showsError(SauceDemoCheckoutNegativeTest.java:72)\n\tat java.base/jdk.internal.reflect.NativeMethodAccessorImpl.invoke0(Native Method)\n\tat java.base/jdk.internal.reflect.NativeMethodAccessorImpl.invoke(NativeMethodAccessorImpl.java:77)\n\tat java.base/jdk.internal.reflect.DelegatingMethodAccessorImpl.invoke(DelegatingMethodAccessorImpl.java:43)\n\tat java.base/java.lang.reflect.Method.invoke(Method.java:569)\n\tat org.testng.internal.invokers.MethodInvocationHelper.invokeMethod(MethodInvocationHelper.java:141)\n\tat org.testng.internal.invokers.TestInvoker.invokeMethod(TestInvoker.java:686)\n\tat org.testng.internal.invokers.TestInvoker.invokeTestMethod(TestInvoker.java:230)\n\tat org.testng.internal.invokers.MethodRunner.runInSequence(MethodRunner.java:63)\n\tat org.testng.internal.invokers.TestInvoker$MethodInvocationAgent.invoke(TestInvoker.java:992)\n\tat org.testng.internal.invokers.TestInvoker.invokeTestMethods(TestInvoker.java:203)\n\tat org.testng.internal.invokers.TestMethodWorker.invokeTestMethods(TestMethodWorker.java:154)\n\tat org.testng.internal.invokers.TestMethodWorker.run(TestMethodWorker.java:134)\n\tat java.base/java.util.ArrayList.forEach(ArrayList.java:1511)\n\tat org.testng.TestRunner.privateRun(TestRunner.java:739)\n\tat org.testng.TestRunner.run(TestRunner.java:614)\n\tat org.testng.SuiteRunner.runTest(SuiteRunner.java:421)\n\tat org.testng.SuiteRunner.runSequentially(SuiteRunner.java:413)\n\tat org.testng.SuiteRunner.privateRun(SuiteRunner.java:373)\n\tat org.testng.SuiteRunner.run(SuiteRunner.java:312)\n\tat org.testng.SuiteRunnerWorker.runSuite(SuiteRunnerWorker.java:52)\n\tat org.testng.SuiteRunnerWorker.run(SuiteRunnerWorker.java:95)\n\tat org.testng.TestNG.runSuitesSequentially(TestNG.java:1274)\n\tat org.testng.TestNG.runSuitesLocally(TestNG.java:1208)\n\tat org.testng.TestNG.runSuites(TestNG.java:1112)\n\tat org.testng.TestNG.run(TestNG.java:1079)\n\tat org.apache.maven.surefire.testng.TestNGExecutor.run(TestNGExecutor.java:308)\n\tat org.apache.maven.surefire.testng.TestNGXmlTestSuite.execute(TestNGXmlTestSuite.java:71)\n\tat org.apache.maven.surefire.testng.TestNGProvider.invoke(TestNGProvider.java:113)\n\tat org.apache.maven.surefire.booter.ForkedBooter.runSuitesInProcess(ForkedBooter.java:385)\n\tat org.apache.maven.surefire.booter.ForkedBooter.execute(ForkedBooter.java:162)\n\tat org.apache.maven.surefire.booter.ForkedBooter.run(ForkedBooter.java:507)\n\tat org.apache.maven.surefire.booter.ForkedBooter.main(ForkedBooter.java:495)\n","flaky":false,"newFailed":false,"newBroken":false,"newPassed":false,"retriesCount":0,"retriesStatusChange":false,"beforeStages":[{"name":"setUp","time":{"start":1759993399077,"stop":1759993399447,"duration":370},"description":"","status":"passed","steps":[],"attachments":[],"parameters":[],"stepsCount":0,"shouldDisplayMessage":false,"attachmentsCount":0,"hasContent":false,"attachmentStep":false}],"testStage":{"description":"Verify that leaving the 'Last Name' field empty during checkout triggers the correct validation error message and prevents proceeding to the next step.","status":"broken","statusMessage":"Expected condition failed: waiting for visibility of element located by By.cssSelector: button[data-test='remove-sauce-labs-backpack'] (tried for 30 second(s) with 500 milliseconds interval)\nBuild info: version: '4.11.0', revision: '040bc5406b'\nSystem info: os.name: 'Linux', os.arch: 'amd64', os.version: '6.11.0-1018-azure', java.version: '17.0.16'\nDriver info: org.openqa.selenium.chrome.ChromeDriver\nCapabilities {acceptInsecureCerts: false, browserName: chrome, browserVersion: 140.0.7339.207, chrome: {chromedriverVersion: 140.0.7339.207 (17230b545fd..., userDataDir: /tmp/chrome-1759993399085}, fedcm:accounts: true, goog:chromeOptions: {debuggerAddress: localhost:33617}, networkConnectionEnabled: false, pageLoadStrategy: normal, platformName: linux, proxy: Proxy(), se:cdp: ws://localhost:33617/devtoo..., se:cdpVersion: 140.0.7339.207, setWindowRect: true, strictFileInteractability: false, timeouts: {implicit: 0, pageLoad: 300000, script: 30000}, unhandledPromptBehavior: dismiss and notify, webauthn:extension:credBlob: true, webauthn:extension:largeBlob: true, webauthn:extension:minPinLength: true, webauthn:extension:prf: true, webauthn:virtualAuthenticators: true}\nSession ID: 297f515bf57567d7317a050b5e0a19c2","statusTrace":"org.openqa.selenium.TimeoutException: Expected condition failed: waiting for visibility of element located by By.cssSelector: button[data-test='remove-sauce-labs-backpack'] (tried for 30 second(s) with 500 milliseconds interval)\nBuild info: version: '4.11.0', revision: '040bc5406b'\nSystem info: os.name: 'Linux', os.arch: 'amd64', os.version: '6.11.0-1018-azure', java.version: '17.0.16'\nDriver info: org.openqa.selenium.chrome.ChromeDriver\nCapabilities {acceptInsecureCerts: false, browserName: chrome, browserVersion: 140.0.7339.207, chrome: {chromedriverVersion: 140.0.7339.207 (17230b545fd..., userDataDir: /tmp/chrome-1759993399085}, fedcm:accounts: true, goog:chromeOptions: {debuggerAddress: localhost:33617}, networkConnectionEnabled: false, pageLoadStrategy: normal, platformName: linux, proxy: Proxy(), se:cdp: ws://localhost:33617/devtoo..., se:cdpVersion: 140.0.7339.207, setWindowRect: true, strictFileInteractability: false, timeouts: {implicit: 0, pageLoad: 300000, script: 30000}, unhandledPromptBehavior: dismiss and notify, webauthn:extension:credBlob: true, webauthn:extension:largeBlob: true, webauthn:extension:minPinLength: true, webauthn:extension:prf: true, webauthn:virtualAuthenticators: true}\nSession ID: 297f515bf57567d7317a050b5e0a19c2\n\tat org.openqa.selenium.support.ui.WebDriverWait.timeoutException(WebDriverWait.java:84)\n\tat org.openqa.selenium.support.ui.FluentWait.until(FluentWait.java:230)\n\tat com.mycompany.selenium_automation_project.base.BasePage.waitReplaced(BasePage.java:47)\n\tat com.mycompany.selenium_automation_project.ProductsPage.addProductToCart(ProductsPage.java:124)\n\tat com.mycompany.selenium_automation_project.tests.SauceDemoCheckoutNegativeTest.seedCartWithOneItem(SauceDemoCheckoutNegativeTest.java:30)\n\tat com.mycompany.selenium_automation_project.tests.SauceDemoCheckoutNegativeTest.TC_SD_006_Negative_missingLastName_showsError(SauceDemoCheckoutNegativeTest.java:72)\n\tat java.base/jdk.internal.reflect.NativeMethodAccessorImpl.invoke0(Native Method)\n\tat java.base/jdk.internal.reflect.NativeMethodAccessorImpl.invoke(NativeMethodAccessorImpl.java:77)\n\tat java.base/jdk.internal.reflect.DelegatingMethodAccessorImpl.invoke(DelegatingMethodAccessorImpl.java:43)\n\tat java.base/java.lang.reflect.Method.invoke(Method.java:569)\n\tat org.testng.internal.invokers.MethodInvocationHelper.invokeMethod(MethodInvocationHelper.java:141)\n\tat org.testng.internal.invokers.TestInvoker.invokeMethod(TestInvoker.java:686)\n\tat org.testng.internal.invokers.TestInvoker.invokeTestMethod(TestInvoker.java:230)\n\tat org.testng.internal.invokers.MethodRunner.runInSequence(MethodRunner.java:63)\n\tat org.testng.internal.invokers.TestInvoker$MethodInvocationAgent.invoke(TestInvoker.java:992)\n\tat org.testng.internal.invokers.TestInvoker.invokeTestMethods(TestInvoker.java:203)\n\tat org.testng.internal.invokers.TestMethodWorker.invokeTestMethods(TestMethodWorker.java:154)\n\tat org.testng.internal.invokers.TestMethodWorker.run(TestMethodWorker.java:134)\n\tat java.base/java.util.ArrayList.forEach(ArrayList.java:1511)\n\tat org.testng.TestRunner.privateRun(TestRunner.java:739)\n\tat org.testng.TestRunner.run(TestRunner.java:614)\n\tat org.testng.SuiteRunner.runTest(SuiteRunner.java:421)\n\tat org.testng.SuiteRunner.runSequentially(SuiteRunner.java:413)\n\tat org.testng.SuiteRunner.privateRun(SuiteRunner.java:373)\n\tat org.testng.SuiteRunner.run(SuiteRunner.java:312)\n\tat org.testng.SuiteRunnerWorker.runSuite(SuiteRunnerWorker.java:52)\n\tat org.testng.SuiteRunnerWorker.run(SuiteRunnerWorker.java:95)\n\tat org.testng.TestNG.runSuitesSequentially(TestNG.java:1274)\n\tat org.testng.TestNG.runSuitesLocally(TestNG.java:1208)\n\tat org.testng.TestNG.runSuites(TestNG.java:1112)\n\tat org.testng.TestNG.run(TestNG.java:1079)\n\tat org.apache.maven.surefire.testng.TestNGExecutor.run(TestNGExecutor.java:308)\n\tat org.apache.maven.surefire.testng.TestNGXmlTestSuite.execute(TestNGXmlTestSuite.java:71)\n\tat org.apache.maven.surefire.testng.TestNGProvider.invoke(TestNGProvider.java:113)\n\tat org.apache.maven.surefire.booter.ForkedBooter.runSuitesInProcess(ForkedBooter.java:385)\n\tat org.apache.maven.surefire.booter.ForkedBooter.execute(ForkedBooter.java:162)\n\tat org.apache.maven.surefire.booter.ForkedBooter.run(ForkedBooter.java:507)\n\tat org.apache.maven.surefire.booter.ForkedBooter.main(ForkedBooter.java:495)\n","steps":[{"name":"❌ Test failed: TC_SD_006_Negative_missingLastName_showsError","time":{"start":1759993460613,"stop":1759993460613,"duration":0},"status":"passed","steps":[],"attachments":[],"parameters":[],"stepsCount":0,"shouldDisplayMessage":false,"attachmentsCount":0,"hasContent":false,"attachmentStep":false}],"attachments":[{"uid":"efd5abb7b8be2e2d","name":"❌ Failure Screenshot","source":"efd5abb7b8be2e2d.png","type":"image/png","size":299400}],"parameters":[],"stepsCount":1,"shouldDisplayMessage":true,"attachmentsCount":1,"hasContent":true,"attachmentStep":false},"afterStages":[{"name":"tearDown","time":{"start":1759993460616,"stop":1759993460822,"duration":206},"description":"","status":"passed","steps":[],"attachments":[{"uid":"6453ed2a23ead623","name":"❌ Failure Screenshot","source":"6453ed2a23ead623.png","type":"image/png","size":299400},{"uid":"6758987512858701","name":"URL","source":"6758987512858701.txt","type":"text/plain","size":40}],"parameters":[],"stepsCount":0,"shouldDisplayMessage":false,"attachmentsCount":2,"hasContent":true,"attachmentStep":false}],"labels":[{"name":"package","value":"com.mycompany.selenium_automation_project.tests.SauceDemoCheckoutNegativeTest"},{"name":"testClass","value":"com.mycompany.selenium_automation_project.tests.SauceDemoCheckoutNegativeTest"},{"name":"testMethod","value":"TC_SD_006_Negative_missingLastName_showsError"},{"name":"parentSuite","value":"SauceDemo Full Suite"},{"name":"suite","value":"Run All Tests by Package"},{"name":"subSuite","value":"com.mycompany.selenium_automation_project.tests.SauceDemoCheckoutNegativeTest"},{"name":"host","value":"runnervmwhb2z"},{"name":"thread","value":"2553@runnervmwhb2z.main(1)"},{"name":"framework","value":"testng"},{"name":"language","value":"java"},{"name":"feature","value":"Checkout"},{"name":"story","value":"Negative checkout: missing Last Name field"},{"name":"owner","value":"Heba AL-Rubaye"},{"name":"epic","value":"SauceDemo Automation"},{"name":"severity","value":"normal"},{"name":"resultFormat","value":"allure2"}],"parameters":[],"links":[],"hidden":false,"retry":false,"extra":{"severity":"normal","owner":"Heba AL-Rubaye","retries":[],"categories":[{"name":"Test defects","matchedStatuses":[],"flaky":false}],"history":{"statistic":{"failed":0,"broken":4,"skipped":3,"passed":2,"unknown":0,"total":9},"items":[{"uid":"7f156f701e00c816","reportUrl":"https://Heba-art.github.io/selenium-java-automation/22/#testresult/7f156f701e00c816","status":"broken","statusDetails":"Expected condition failed: waiting for presence of element located by: By.cssSelector: button[data-test='remove-sauce-labs-backpack'] (tried for 20 second(s) with 500 milliseconds interval)","time":{"start":1759980681169,"stop":1759980702327,"duration":21158}},{"uid":"e5d61fc509c33ab1","reportUrl":"https://Heba-art.github.io/selenium-java-automation/21/#testresult/e5d61fc509c33ab1","status":"broken","statusDetails":"Expected condition failed: waiting for presence of element located by: By.cssSelector: button[data-test='remove-sauce-labs-backpack'] (tried for 20 second(s) with 500 milliseconds interval)","time":{"start":1759979826378,"stop":1759979847466,"duration":21088}},{"uid":"9cae3cde46772aab","reportUrl":"https://Heba-art.github.io/selenium-java-automation/20/#testresult/9cae3cde46772aab","status":"broken","statusDetails":"Expected condition failed: waiting for presence of element located by: By.cssSelector: button[data-test='remove-sauce-labs-backpack'] (tried for 20 second(s) with 500 milliseconds interval)","time":{"start":1759978954536,"stop":1759978975450,"duration":20914}},{"uid":"dce4c96bf97de0d0","reportUrl":"https://Heba-art.github.io/selenium-java-automation/19/#testresult/dce4c96bf97de0d0","status":"passed","time":{"start":1759978189969,"stop":1759978191063,"duration":1094}},{"uid":"abbef80055ae1203","reportUrl":"https://Heba-art.github.io/selenium-java-automation/18/#testresult/abbef80055ae1203","status":"passed","time":{"start":1759977643870,"stop":1759977644926,"duration":1056}},{"uid":"f52210afe37b63e2","reportUrl":"https://Heba-art.github.io/selenium-java-automation/14/#testresult/f52210afe37b63e2","status":"skipped","statusDetails":"Could not start a new session. Response code 500. Message: session not created: probably user data directory is already in use, please specify a unique value for --user-data-dir argument, or don't use --user-data-dir \nHost info: host: 'runnervmwhb2z', ip: '10.1.0.246'\nBuild info: version: '4.11.0', revision: '040bc5406b'\nSystem info: os.name: 'Linux', os.arch: 'amd64', os.version: '6.11.0-1018-azure', java.version: '17.0.16'\nDriver info: org.openqa.selenium.chrome.ChromeDriver\nCommand: [null, newSession {capabilities=[Capabilities {browserName: chrome, goog:chromeOptions: {args: [--remote-allow-origins=*, --disable-save-password-bubble, --disable-notifications, --incognito, --start-maximized], extensions: [], prefs: {autofill.credit_card_enabled: false, autofill.profile_enabled: false, credentials_enable_service: false, profile.password_manager_enabled: false, profile.password_manager_leak_detection: false}}}]}]","time":{"start":1759975356788,"stop":1759975356788,"duration":0}},{"uid":"2ce0d08d22cb0730","reportUrl":"https://Heba-art.github.io/selenium-java-automation/13/#testresult/2ce0d08d22cb0730","status":"skipped","statusDetails":"Could not start a new session. Response code 500. Message: session not created: probably user data directory is already in use, please specify a unique value for --user-data-dir argument, or don't use --user-data-dir \nHost info: host: 'runnervmwhb2z', ip: '10.1.0.223'\nBuild info: version: '4.11.0', revision: '040bc5406b'\nSystem info: os.name: 'Linux', os.arch: 'amd64', os.version: '6.11.0-1018-azure', java.version: '17.0.16'\nDriver info: org.openqa.selenium.chrome.ChromeDriver\nCommand: [null, newSession {capabilities=[Capabilities {browserName: chrome, goog:chromeOptions: {args: [--remote-allow-origins=*, --disable-save-password-bubble, --disable-notifications, --incognito, --start-maximized], extensions: [], prefs: {autofill.credit_card_enabled: false, autofill.profile_enabled: false, credentials_enable_service: false, profile.password_manager_enabled: false, profile.password_manager_leak_detection: false}}}]}]","time":{"start":1759975335550,"stop":1759975335551,"duration":1}},{"uid":"6d38ae85e5889532","reportUrl":"https://Heba-art.github.io/selenium-java-automation/12/#testresult/6d38ae85e5889532","status":"skipped","statusDetails":"Could not start a new session. Response code 500. Message: session not created: probably user data directory is already in use, please specify a unique value for --user-data-dir argument, or don't use --user-data-dir \nHost info: host: 'runnervmwhb2z', ip: '10.1.0.243'\nBuild info: version: '4.11.0', revision: '040bc5406b'\nSystem info: os.name: 'Linux', os.arch: 'amd64', os.version: '6.11.0-1018-azure', java.version: '17.0.16'\nDriver info: org.openqa.selenium.chrome.ChromeDriver\nCommand: [null, newSession {capabilities=[Capabilities {browserName: chrome, goog:chromeOptions: {args: [--remote-allow-origins=*, --disable-save-password-bubble, --disable-notifications, --incognito, --start-maximized], extensions: [], prefs: {autofill.credit_card_enabled: false, autofill.profile_enabled: false, credentials_enable_service: false, profile.password_manager_enabled: false, profile.password_manager_leak_detection: false}}}]}]","time":{"start":1759974800375,"stop":1759974800375,"duration":0}}]},"tags":[]},"source":"6a31aece2e8a6cf5.json","parameterValues":[]}